<?xml version="1.0" encoding="UTF-8"?>
<!-- Generated by org.testng.reporters.JUnitReportReporter -->
<testsuite hostname="DESKTOP-PGL0QVV" failures="0" tests="1" name="com_test_cases.TC_01_Login_Test" time="1.185" errors="0" timestamp="2024-09-10T15:13:10 IST" skipped="0">
  <testcase classname="com_test_cases.TC_01_Login_Test" name="loginTest" time="1.185"/>
</testsuite> <!-- com_test_cases.TC_01_Login_Test -->
